SF:lib/clock/clock.dart
DA:16,1
DA:22,0
DA:23,0
DA:26,1
DA:28,1
DA:36,1
DA:38,1
DA:39,2
DA:40,5
DA:43,0
DA:44,0
DA:45,0
DA:49,1
DA:51,2
DA:52,1
DA:55,1
DA:57,1
DA:59,1
DA:63,1
DA:64,1
DA:66,1
DA:69,1
DA:70,1
DA:71,1
DA:73,2
DA:76,1
DA:77,1
DA:78,2
DA:83,1
DA:84,1
DA:85,1
DA:86,1
DA:88,1
DA:91,1
DA:92,1
DA:95,2
LF:36
LH:31
end_of_record
SF:lib/clock/clock_face.dart
DA:6,1
DA:8,1
DA:10,1
DA:11,1
DA:13,1
DA:15,1
DA:17,1
DA:19,1
DA:20,1
DA:21,1
DA:22,1
DA:24,1
LF:12
LH:12
end_of_record
SF:lib/clock/clock_dial_painter.dart
DA:19,1
DA:20,1
DA:21,1
DA:30,2
DA:33,1
DA:36,2
DA:37,2
DA:38,1
DA:41,1
DA:42,2
DA:44,1
DA:45,3
DA:46,3
DA:47,4
DA:49,1
DA:52,1
DA:55,0
LF:17
LH:16
end_of_record
SF:lib/clock/clock_hands.dart
DA:9,1
DA:11,1
DA:13,1
DA:15,1
DA:18,1
DA:20,1
DA:21,2
DA:22,4
DA:24,2
DA:25,4
DA:27,4
LF:11
LH:11
end_of_record
SF:lib/clock/hand_hour.dart
DA:11,2
DA:12,3
DA:13,2
DA:14,2
DA:15,2
DA:18,1
DA:20,2
DA:22,1
DA:24,1
DA:27,3
DA:28,0
DA:29,7
DA:33,1
DA:36,3
DA:37,2
DA:39,2
DA:40,1
DA:43,1
DA:47,0
LF:19
LH:17
end_of_record
SF:lib/clock/hand_minute.dart
DA:13,2
DA:14,2
DA:15,2
DA:16,2
DA:17,2
DA:21,1
DA:23,2
DA:24,1
DA:26,1
DA:28,8
DA:30,1
DA:31,3
DA:32,2
DA:34,2
DA:35,1
DA:38,1
DA:42,0
LF:17
LH:16
end_of_record
SF:lib/clock/hand_second.dart
DA:11,1
DA:12,1
DA:13,1
DA:14,3
DA:15,2
DA:16,2
DA:17,2
DA:19,3
DA:20,2
DA:23,1
DA:25,2
DA:26,1
DA:28,1
DA:30,5
DA:32,1
DA:33,1
DA:34,3
DA:35,2
DA:37,1
DA:38,2
DA:40,2
DA:41,2
DA:45,1
DA:48,0
DA:50,0
LF:25
LH:23
end_of_record
SF:lib/main.dart
DA:10,0
DA:14,1
DA:16,1
DA:18,1
DA:21,1
DA:27,1
DA:42,1
DA:45,1
DA:47,1
DA:48,1
DA:51,1
DA:52,1
DA:53,1
DA:55,1
DA:56,1
DA:57,1
DA:58,1
DA:59,1
DA:60,1
DA:61,1
DA:64,1
DA:68,1
DA:69,1
DA:74,1
DA:75,1
DA:77,1
DA:82,1
DA:84,1
DA:89,1
DA:91,1
DA:103,2
DA:104,1
DA:105,1
DA:107,1
DA:108,1
DA:110,1
DA:114,1
DA:122,1
DA:124,1
DA:125,1
DA:126,1
DA:128,1
DA:129,1
DA:130,1
DA:132,1
DA:134,1
DA:136,1
DA:137,1
DA:138,1
DA:140,0
DA:142,1
DA:143,1
DA:145,1
DA:146,1
DA:151,0
LF:55
LH:52
end_of_record
SF:lib/screens/first_screen.dart
DA:5,1
DA:7,1
DA:8,1
DA:9,1
DA:13,1
DA:15,1
DA:17,1
DA:20,1
DA:22,1
DA:24,1
DA:26,1
DA:27,1
DA:29,1
DA:30,1
DA:36,1
DA:37,1
DA:39,1
DA:40,1
DA:48,1
DA:50,1
DA:51,1
DA:53,1
DA:54,1
DA:60,1
DA:61,1
DA:63,1
DA:64,1
LF:27
LH:27
end_of_record
SF:lib/screens/second_screen.dart
DA:14,1
DA:16,1
DA:17,1
DA:19,1
DA:20,1
DA:21,1
DA:23,1
DA:24,1
DA:26,1
DA:27,1
DA:29,1
DA:30,1
DA:31,1
DA:32,1
DA:33,1
DA:36,1
DA:39,1
DA:41,1
DA:42,1
DA:43,1
DA:44,1
DA:47,1
DA:50,1
DA:52,1
DA:53,1
DA:54,1
DA:55,1
DA:56,1
DA:59,1
DA:62,1
DA:64,1
DA:65,1
DA:66,1
DA:67,1
DA:74,1
DA:77,1
DA:78,1
DA:79,1
DA:81,1
DA:83,1
DA:85,1
DA:86,1
DA:89,1
DA:90,1
DA:92,1
DA:93,1
DA:94,1
DA:95,1
DA:96,1
DA:99,1
DA:101,1
DA:103,1
DA:105,1
DA:106,1
DA:117,1
DA:120,1
DA:121,1
DA:122,1
DA:124,1
DA:125,1
DA:126,1
DA:128,1
DA:129,1
DA:130,1
DA:132,1
DA:133,1
DA:134,1
DA:136,1
DA:137,1
DA:138,1
DA:140,1
DA:141,1
DA:142,1
DA:144,1
DA:145,1
DA:146,1
DA:155,1
DA:163,1
DA:169,1
DA:171,1
DA:172,1
DA:173,1
DA:174,1
DA:175,1
DA:176,1
DA:179,1
DA:181,1
DA:182,1
DA:183,1
DA:184,1
DA:185,1
DA:187,1
DA:190,1
DA:191,1
DA:192,1
DA:194,1
DA:197,1
DA:198,1
DA:200,1
DA:201,1
DA:202,1
DA:204,1
DA:207,1
DA:208,1
DA:235,1
DA:237,1
DA:238,1
DA:240,1
DA:241,2
DA:242,2
DA:243,2
DA:244,2
DA:245,2
DA:250,3
DA:251,2
DA:252,1
DA:254,2
DA:255,2
DA:257,3
DA:261,2
DA:262,2
DA:265,0
LF:122
LH:121
end_of_record
SF:lib/screens/third_screen.dart
DA:6,0
DA:8,0
DA:10,0
DA:12,0
DA:15,0
DA:25,0
DA:27,0
DA:28,0
DA:29,0
DA:30,0
DA:31,0
DA:32,0
DA:41,0
DA:43,0
DA:45,0
DA:46,0
DA:47,0
DA:48,0
DA:50,0
DA:51,0
DA:52,0
DA:53,0
DA:57,0
DA:58,0
DA:59,0
DA:62,0
DA:63,0
DA:67,0
DA:74,0
DA:86,0
DA:88,0
DA:92,0
DA:93,0
DA:97,0
DA:101,0
DA:103,0
DA:104,0
DA:105,0
DA:110,0
DA:111,0
DA:112,0
DA:113,0
DA:114,0
DA:115,0
DA:116,0
DA:117,0
DA:122,0
DA:123,0
DA:124,0
DA:125,0
DA:126,0
DA:129,0
DA:130,0
DA:132,0
DA:134,0
DA:139,0
DA:140,0
DA:141,0
DA:142,0
DA:143,0
LF:60
LH:0
end_of_record
